{
  "testId" : "1-home-page",
  "name" : "Home page",
  "report" : {
    "nodes" : [ {
      "name" : "Click signInButton on Default page",
      "status" : "info",
      "nodes" : [ {
        "name" : "css: div > div > button",
        "type" : "text"
      } ],
      "time" : 1472814902644,
      "type" : "node"
    }, {
      "name" : "Click signInEmailLink on SignInSignUp page",
      "status" : "info",
      "nodes" : [ {
        "name" : "xpath: //*[@id-unique='SignInWithEmail']",
        "type" : "text"
      } ],
      "time" : 1472814903018,
      "type" : "node"
    }, {
      "name" : "Checked something",
      "status" : "info",
      "time" : 1472814903277,
      "type" : "node"
    }, {
      "name" : "Type \"tester@tester.com\" to LoginInput on SignInEmail page",
      "status" : "info",
      "nodes" : [ {
        "name" : "xpath: //*[@name='email']",
        "type" : "text"
      } ],
      "time" : 1472814903861,
      "type" : "node"
    }, {
      "name" : "WrappedException: Wrapped org.openqa.selenium.StaleElementReferenceException: stale element reference: element is not attached to the page document\n  (Session info: chrome=52.0.2743.116)\n  (Driver info: chromedriver=2.23.409699 (49b0fa931cda1caad0ae15b7d1b68004acd05129),platform=Windows NT 10.0.10586 x86_64) (WARNING: The server did not provide any stacktrace information)\nCommand duration or timeout: 821 milliseconds\nFor documentation on this error, please visit: http://seleniumhq.org/exceptions/stale_element_reference.html\nBuild info: version: 'unknown', revision: 'unknown', time: 'unknown'\nSystem info: host: 'home', ip: '192.168.1.36', os.name: 'Windows 10', os.arch: 'amd64', os.version: '10.0', java.version: '1.8.0_73'\nDriver info: org.openqa.selenium.chrome.ChromeDriver\nCapabilities [{applicationCacheEnabled=false, rotatable=false, mobileEmulationEnabled=false, networkConnectionEnabled=false, chrome={chromedriverVersion=2.23.409699 (49b0fa931cda1caad0ae15b7d1b68004acd05129), userDataDir=C:\\Users\\user\\AppData\\Local\\Temp\\scoped_dir5924_19362}, takesHeapSnapshot=true, databaseEnabled=false, handlesAlerts=true, hasTouchScreen=false, version=52.0.2743.116, platform=XP, browserConnectionEnabled=false, nativeEvents=true, acceptSslCerts=true, locationContextEnabled=true, webStorageEnabled=true, browserName=chrome, takesScreenshot=true, javascriptEnabled=true, cssSelectorsEnabled=true}]\nSession ID: 3af5045ce38cb4674057c80440b7950e (<cmd>#434)",
      "status" : "error",
      "time" : 1472814904709,
      "stacktrace" : "org.mozilla.javascript.WrappedException: Wrapped org.openqa.selenium.StaleElementReferenceException: stale element reference: element is not attached to the page document\n  (Session info: chrome=52.0.2743.116)\n  (Driver info: chromedriver=2.23.409699 (49b0fa931cda1caad0ae15b7d1b68004acd05129),platform=Windows NT 10.0.10586 x86_64) (WARNING: The server did not provide any stacktrace information)\nCommand duration or timeout: 821 milliseconds\nFor documentation on this error, please visit: http://seleniumhq.org/exceptions/stale_element_reference.html\nBuild info: version: 'unknown', revision: 'unknown', time: 'unknown'\nSystem info: host: 'home', ip: '192.168.1.36', os.name: 'Windows 10', os.arch: 'amd64', os.version: '10.0', java.version: '1.8.0_73'\nDriver info: org.openqa.selenium.chrome.ChromeDriver\nCapabilities [{applicationCacheEnabled=false, rotatable=false, mobileEmulationEnabled=false, networkConnectionEnabled=false, chrome={chromedriverVersion=2.23.409699 (49b0fa931cda1caad0ae15b7d1b68004acd05129), userDataDir=C:\\Users\\user\\AppData\\Local\\Temp\\scoped_dir5924_19362}, takesHeapSnapshot=true, databaseEnabled=false, handlesAlerts=true, hasTouchScreen=false, version=52.0.2743.116, platform=XP, browserConnectionEnabled=false, nativeEvents=true, acceptSslCerts=true, locationContextEnabled=true, webStorageEnabled=true, browserName=chrome, takesScreenshot=true, javascriptEnabled=true, cssSelectorsEnabled=true}]\nSession ID: 3af5045ce38cb4674057c80440b7950e (<cmd>#434)\r\n\tat org.mozilla.javascript.Context.throwAsScriptRuntimeEx(Context.java:1754)\r\n\tat org.mozilla.javascript.MemberBox.invoke(MemberBox.java:148)\r\n\tat org.mozilla.javascript.NativeJavaMethod.call(NativeJavaMethod.java:225)\r\n\tat org.mozilla.javascript.optimizer.OptRuntime.call1(OptRuntime.java:32)\r\n\tat org.mozilla.javascript.gen._cmd__19._c_anonymous_40(<cmd>:434)\r\n\tat org.mozilla.javascript.gen._cmd__19.call(<cmd>)\r\n\tat org.mozilla.javascript.optimizer.OptRuntime.call1(OptRuntime.java:32)\r\n\tat org.mozilla.javascript.gen.C__WebDriver_tests_tests_login_test_js_20._c_anonymous_1(C:\\WebDriver\\tests\\tests\\login.test.js:18)\r\n\tat org.mozilla.javascript.gen.C__WebDriver_tests_tests_login_test_js_20.call(C:\\WebDriver\\tests\\tests\\login.test.js)\r\n\tat org.mozilla.javascript.ScriptRuntime.applyOrCall(ScriptRuntime.java:2429)\r\n\tat org.mozilla.javascript.BaseFunction.execIdCall(BaseFunction.java:269)\r\n\tat org.mozilla.javascript.IdFunctionObject.call(IdFunctionObject.java:97)\r\n\tat org.mozilla.javascript.optimizer.OptRuntime.call1(OptRuntime.java:32)\r\n\tat org.mozilla.javascript.gen._cmd__17._c_invokeFunc_2(<cmd>:31)\r\n\tat org.mozilla.javascript.gen._cmd__17.call(<cmd>)\r\n\tat org.mozilla.javascript.optimizer.OptRuntime.callName(OptRuntime.java:63)\r\n\tat org.mozilla.javascript.gen._cmd__17._c_anonymous_22(<cmd>:280)\r\n\tat org.mozilla.javascript.gen._cmd__17.call(<cmd>)\r\n\tat org.mozilla.javascript.ContextFactory.doTopCall(ContextFactory.java:394)\r\n\tat org.mozilla.javascript.ScriptRuntime.doTopCall(ScriptRuntime.java:3090)\r\n\tat org.mozilla.javascript.gen._cmd__17.call(<cmd>)\r\n\tat org.mozilla.javascript.JavaAdapter.doCall(JavaAdapter.java:606)\r\n\tat org.mozilla.javascript.JavaAdapter.access$000(JavaAdapter.java:15)\r\n\tat org.mozilla.javascript.JavaAdapter$1.run(JavaAdapter.java:586)\r\n\tat org.mozilla.javascript.Context.call(Context.java:489)\r\n\tat org.mozilla.javascript.ContextFactory.call(ContextFactory.java:504)\r\n\tat org.mozilla.javascript.JavaAdapter.callMethod(JavaAdapter.java:583)\r\n\tat adapter2.execute(<adapter>)\r\n\tat com.galenframework.TestRunnable.runTest(TestRunnable.java:75)\r\n\tat com.galenframework.TestRunnable.run(TestRunnable.java:101)\r\n\tat java.util.concurrent.ThreadPoolExecutor.runWorker(Unknown Source)\r\n\tat java.util.concurrent.ThreadPoolExecutor$Worker.run(Unknown Source)\r\n\tat java.lang.Thread.run(Unknown Source)\r\nCaused by: org.openqa.selenium.StaleElementReferenceException: stale element reference: element is not attached to the page document\n  (Session info: chrome=52.0.2743.116)\n  (Driver info: chromedriver=2.23.409699 (49b0fa931cda1caad0ae15b7d1b68004acd05129),platform=Windows NT 10.0.10586 x86_64) (WARNING: The server did not provide any stacktrace information)\nCommand duration or timeout: 821 milliseconds\nFor documentation on this error, please visit: http://seleniumhq.org/exceptions/stale_element_reference.html\nBuild info: version: 'unknown', revision: 'unknown', time: 'unknown'\nSystem info: host: 'home', ip: '192.168.1.36', os.name: 'Windows 10', os.arch: 'amd64', os.version: '10.0', java.version: '1.8.0_73'\nDriver info: org.openqa.selenium.chrome.ChromeDriver\nCapabilities [{applicationCacheEnabled=false, rotatable=false, mobileEmulationEnabled=false, networkConnectionEnabled=false, chrome={chromedriverVersion=2.23.409699 (49b0fa931cda1caad0ae15b7d1b68004acd05129), userDataDir=C:\\Users\\user\\AppData\\Local\\Temp\\scoped_dir5924_19362}, takesHeapSnapshot=true, databaseEnabled=false, handlesAlerts=true, hasTouchScreen=false, version=52.0.2743.116, platform=XP, browserConnectionEnabled=false, nativeEvents=true, acceptSslCerts=true, locationContextEnabled=true, webStorageEnabled=true, browserName=chrome, takesScreenshot=true, javascriptEnabled=true, cssSelectorsEnabled=true}]\nSession ID: 3af5045ce38cb4674057c80440b7950e\r\n\tat sun.reflect.NativeConstructorAccessorImpl.newInstance0(Native Method)\r\n\tat sun.reflect.NativeConstructorAccessorImpl.newInstance(Unknown Source)\r\n\tat sun.reflect.DelegatingConstructorAccessorImpl.newInstance(Unknown Source)\r\n\tat java.lang.reflect.Constructor.newInstance(Unknown Source)\r\n\tat org.openqa.selenium.remote.ErrorHandler.createThrowable(ErrorHandler.java:206)\r\n\tat org.openqa.selenium.remote.ErrorHandler.throwIfResponseFailed(ErrorHandler.java:158)\r\n\tat org.openqa.selenium.remote.RemoteWebDriver.execute(RemoteWebDriver.java:678)\r\n\tat org.openqa.selenium.remote.RemoteWebElement.execute(RemoteWebElement.java:327)\r\n\tat org.openqa.selenium.remote.RemoteWebElement.sendKeys(RemoteWebElement.java:122)\r\n\tat sun.reflect.NativeMethodAccessorImpl.invoke0(Native Method)\r\n\tat sun.reflect.NativeMethodAccessorImpl.invoke(Unknown Source)\r\n\tat sun.reflect.DelegatingMethodAccessorImpl.invoke(Unknown Source)\r\n\tat java.lang.reflect.Method.invoke(Unknown Source)\r\n\tat org.mozilla.javascript.MemberBox.invoke(MemberBox.java:126)\r\n\t... 31 more\r\n",
      "type" : "node"
    }, {
      "name" : "Something wrong on the page",
      "status" : "info",
      "attachments" : [ "file-1-Screenshot.png" ],
      "time" : 1472814905148,
      "type" : "node"
    } ]
  }
}